<?xml version="1.0" encoding="UTF-8"?>
<testsuite name="hello.ApplicationTest" time="0.071" tests="1" errors="1" skipped="0" failures="0">
  <properties>
[...]
</properties>
  <testcase name="test" classname="hello.ApplicationTest" time="0.071">
    <error message="java.net.ConnectException: Connection refused (Connection refused)" type="org.springframework.amqp.AmqpConnectException">org.springframework.amqp.AmqpConnectException: java.net.ConnectException: Connection refused (Connection refused)
	at java.net.PlainSocketImpl.socketConnect(Native Method)
	at java.net.AbstractPlainSocketImpl.doConnect(AbstractPlainSocketImpl.java:350)
	at java.net.AbstractPlainSocketImpl.connectToAddress(AbstractPlainSocketImpl.java:206)
	at java.net.AbstractPlainSocketImpl.connect(AbstractPlainSocketImpl.java:188)
	at java.net.SocksSocketImpl.connect(SocksSocketImpl.java:392)
	at java.net.Socket.connect(Socket.java:589)
	at com.rabbitmq.client.impl.SocketFrameHandlerFactory.create(SocketFrameHandlerFactory.java:50)
	at com.rabbitmq.client.ConnectionFactory.newConnection(ConnectionFactory.java:907)
	at com.rabbitmq.client.ConnectionFactory.newConnection(ConnectionFactory.java:859)
	at com.rabbitmq.client.ConnectionFactory.newConnection(ConnectionFactory.java:799)
	at org.springframework.amqp.rabbit.connection.AbstractConnectionFactory.createBareConnection(AbstractConnectionFactory.java:352)
	at org.springframework.amqp.rabbit.connection.CachingConnectionFactory.createConnection(CachingConnectionFactory.java:573)
	at org.springframework.amqp.rabbit.core.RabbitTemplate.doExecute(RabbitTemplate.java:1430)
	at org.springframework.amqp.rabbit.core.RabbitTemplate.execute(RabbitTemplate.java:1411)
	at org.springframework.amqp.rabbit.core.RabbitTemplate.send(RabbitTemplate.java:712)
	at org.springframework.amqp.rabbit.core.RabbitTemplate.convertAndSend(RabbitTemplate.java:780)
	at org.springframework.amqp.rabbit.core.RabbitTemplate.convertAndSend(RabbitTemplate.java:767)
	at hello.ApplicationTest.test(ApplicationTest.java:44)
</error>
    <system-out><![CDATA[11:55:29.428 [main] DEBUG org.springframework.test.context.junit4.SpringJUnit4ClassRunner - SpringJUnit4ClassRunner constructor called with [class hello.ApplicationTest]
11:55:29.443 [main] DEBUG org.springframework.test.context.BootstrapUtils - Instantiating CacheAwareContextLoaderDelegate from class [org.springframework.test.context.cache.DefaultCacheAwareContextLoaderDelegate]
11:55:29.476 [main] DEBUG org.springframework.test.context.BootstrapUtils - Instantiating BootstrapContext using constructor [public org.springframework.test.context.support.DefaultBootstrapContext(java.lang.Class,org.springframework.test.context.CacheAwareContextLoaderDelegate)]
11:55:29.530 [main] DEBUG org.springframework.test.context.BootstrapUtils - Instantiating TestContextBootstrapper for test class [hello.ApplicationTest] from class [org.springframework.boot.test.context.SpringBootTestContextBootstrapper]
11:55:29.589 [main] INFO org.springframework.boot.test.context.SpringBootTestContextBootstrapper - Neither @ContextConfiguration nor @ContextHierarchy found for test class [hello.ApplicationTest], using SpringBootContextLoader
11:55:29.608 [main] DEBUG org.springframework.test.context.support.AbstractContextLoader - Did not detect default resource location for test class [hello.ApplicationTest]: class path resource [hello/ApplicationTest-context.xml] does not exist
11:55:29.609 [main] DEBUG org.springframework.test.context.support.AbstractContextLoader - Did not detect default resource location for test class [hello.ApplicationTest]: class path resource [hello/ApplicationTestContext.groovy] does not exist
11:55:29.609 [main] INFO org.springframework.test.context.support.AbstractContextLoader - Could not detect default resource locations for test class [hello.ApplicationTest]: no resource found for suffixes {-context.xml, Context.groovy}.
11:55:29.613 [main] INFO org.springframework.test.context.support.AnnotationConfigContextLoaderUtils - Could not detect default configuration classes for test class [hello.ApplicationTest]: ApplicationTest does not declare any static, non-private, non-final, nested classes annotated with @Configuration.
11:55:29.847 [main] DEBUG org.springframework.test.context.support.ActiveProfilesUtils - Could not find an 'annotation declaring class' for annotation type [org.springframework.test.context.ActiveProfiles] and class [hello.ApplicationTest]
11:55:29.894 [main] DEBUG org.springframework.core.env.StandardEnvironment - Adding PropertySource 'systemProperties' with lowest search precedence
11:55:29.895 [main] DEBUG org.springframework.core.env.StandardEnvironment - Adding PropertySource 'systemEnvironment' with lowest search precedence
11:55:29.896 [main] DEBUG org.springframework.core.env.StandardEnvironment - Initialized StandardEnvironment with PropertySources [MapPropertySource@455538610 {name='systemProperties', properties={java.runtime.name=Java(TM) SE Runtime Environment, sun.boot.library.path=/Library/Java/JavaVirtualMachines/jdk1.8.0_131.jdk/Contents/Home/jre/lib, java.vm.version=25.131-b11, user.country.format=IN, gopherProxySet=false, java.vm.vendor=Oracle Corporation, java.vendor.url=http://java.oracle.com/, path.separator=:, java.vm.name=Java HotSpot(TM) 64-Bit Server VM, file.encoding.pkg=sun.io, user.country=US, sun.java.launcher=SUN_STANDARD, sun.os.patch.level=unknown, java.vm.specification.name=Java Virtual Machine Specification, user.dir=/Users/devashish/Documents/Github/Kommunicate/message-processor/gs-messaging-rabbitmq/complete, java.runtime.version=1.8.0_131-b11, basedir=/Users/devashish/Documents/Github/Kommunicate/message-processor/gs-messaging-rabbitmq/complete, java.awt.graphicsenv=sun.awt.CGraphicsEnvironment, java.endorsed.dirs=/Library/Java/JavaVirtualMachines/jdk1.8.0_131.jdk/Contents/Home/jre/lib/endorsed, os.arch=x86_64, surefire.real.class.path=/Users/devashish/Documents/Github/Kommunicate/message-processor/gs-messaging-rabbitmq/complete/target/surefire/surefirebooter278085150048387076.jar, java.io.tmpdir=/var/folders/6s/h13hm0911410p57m4qgnvpc00000gn/T/, line.separator=
, java.vm.specification.vendor=Oracle Corporation, os.name=Mac OS X, maven.ext.class.path=/Applications/NetBeans/NetBeans 8.2.app/Contents/Resources/NetBeans/java/maven-nblib/netbeans-eventspy.jar, sun.jnu.encoding=UTF-8, java.library.path=/Users/devashish/Library/Java/Extensions:/Library/Java/Extensions:/Network/Library/Java/Extensions:/System/Library/Java/Extensions:/usr/lib/java:., surefire.test.class.path=/Users/devashish/Documents/Github/Kommunicate/message-processor/gs-messaging-rabbitmq/complete/target/test-classes:/Users/devashish/Documents/Github/Kommunicate/message-processor/gs-messaging-rabbitmq/complete/target/classes:/Users/devashish/.m2/repository/org/springframework/boot/spring-boot-starter-amqp/1.5.9.RELEASE/spring-boot-starter-amqp-1.5.9.RELEASE.jar:/Users/devashish/.m2/repository/org/springframework/boot/spring-boot-starter/1.5.9.RELEASE/spring-boot-starter-1.5.9.RELEASE.jar:/Users/devashish/.m2/repository/org/springframework/boot/spring-boot/1.5.9.RELEASE/spring-boot-1.5.9.RELEASE.jar:/Users/devashish/.m2/repository/org/springframework/boot/spring-boot-autoconfigure/1.5.9.RELEASE/spring-boot-autoconfigure-1.5.9.RELEASE.jar:/Users/devashish/.m2/repository/org/springframework/boot/spring-boot-starter-logging/1.5.9.RELEASE/spring-boot-starter-logging-1.5.9.RELEASE.jar:/Users/devashish/.m2/repository/ch/qos/logback/logback-classic/1.1.11/logback-classic-1.1.11.jar:/Users/devashish/.m2/repository/ch/qos/logback/logback-core/1.1.11/logback-core-1.1.11.jar:/Users/devashish/.m2/repository/org/slf4j/jcl-over-slf4j/1.7.25/jcl-over-slf4j-1.7.25.jar:/Users/devashish/.m2/repository/org/slf4j/jul-to-slf4j/1.7.25/jul-to-slf4j-1.7.25.jar:/Users/devashish/.m2/repository/org/slf4j/log4j-over-slf4j/1.7.25/log4j-over-slf4j-1.7.25.jar:/Users/devashish/.m2/repository/org/yaml/snakeyaml/1.17/snakeyaml-1.17.jar:/Users/devashish/.m2/repository/org/springframework/spring-messaging/4.3.13.RELEASE/spring-messaging-4.3.13.RELEASE.jar:/Users/devashish/.m2/repository/org/springframework/spring-beans/4.3.13.RELEASE/spring-beans-4.3.13.RELEASE.jar:/Users/devashish/.m2/repository/org/springframework/spring-context/4.3.13.RELEASE/spring-context-4.3.13.RELEASE.jar:/Users/devashish/.m2/repository/org/springframework/spring-aop/4.3.13.RELEASE/spring-aop-4.3.13.RELEASE.jar:/Users/devashish/.m2/repository/org/springframework/spring-expression/4.3.13.RELEASE/spring-expression-4.3.13.RELEASE.jar:/Users/devashish/.m2/repository/org/springframework/amqp/spring-rabbit/1.7.4.RELEASE/spring-rabbit-1.7.4.RELEASE.jar:/Users/devashish/.m2/repository/org/springframework/spring-web/4.3.13.RELEASE/spring-web-4.3.13.RELEASE.jar:/Users/devashish/.m2/repository/com/rabbitmq/http-client/1.1.1.RELEASE/http-client-1.1.1.RELEASE.jar:/Users/devashish/.m2/repository/org/apache/httpcomponents/httpclient/4.5.3/httpclient-4.5.3.jar:/Users/devashish/.m2/repository/org/apache/httpcomponents/httpcore/4.4.8/httpcore-4.4.8.jar:/Users/devashish/.m2/repository/commons-codec/commons-codec/1.10/commons-codec-1.10.jar:/Users/devashish/.m2/repository/com/fasterxml/jackson/core/jackson-databind/2.8.10/jackson-databind-2.8.10.jar:/Users/devashish/.m2/repository/com/fasterxml/jackson/core/jackson-annotations/2.8.0/jackson-annotations-2.8.0.jar:/Users/devashish/.m2/repository/com/fasterxml/jackson/core/jackson-core/2.8.10/jackson-core-2.8.10.jar:/Users/devashish/.m2/repository/com/rabbitmq/amqp-client/4.0.3/amqp-client-4.0.3.jar:/Users/devashish/.m2/repository/org/springframework/retry/spring-retry/1.2.1.RELEASE/spring-retry-1.2.1.RELEASE.jar:/Users/devashish/.m2/repository/org/springframework/amqp/spring-amqp/1.7.4.RELEASE/spring-amqp-1.7.4.RELEASE.jar:/Users/devashish/.m2/repository/org/springframework/spring-tx/4.3.13.RELEASE/spring-tx-4.3.13.RELEASE.jar:/Users/devashish/.m2/repository/org/springframework/boot/spring-boot-starter-test/1.5.9.RELEASE/spring-boot-starter-test-1.5.9.RELEASE.jar:/Users/devashish/.m2/repository/org/springframework/boot/spring-boot-test/1.5.9.RELEASE/spring-boot-test-1.5.9.RELEASE.jar:/Users/devashish/.m2/repository/org/springframework/boot/spring-boot-test-autoconfigure/1.5.9.RELEASE/spring-boot-test-autoconfigure-1.5.9.RELEASE.jar:/Users/devashish/.m2/repository/com/jayway/jsonpath/json-path/2.2.0/json-path-2.2.0.jar:/Users/devashish/.m2/repository/net/minidev/json-smart/2.2.1/json-smart-2.2.1.jar:/Users/devashish/.m2/repository/net/minidev/accessors-smart/1.1/accessors-smart-1.1.jar:/Users/devashish/.m2/repository/org/ow2/asm/asm/5.0.3/asm-5.0.3.jar:/Users/devashish/.m2/repository/org/slf4j/slf4j-api/1.7.25/slf4j-api-1.7.25.jar:/Users/devashish/.m2/repository/junit/junit/4.12/junit-4.12.jar:/Users/devashish/.m2/repository/org/assertj/assertj-core/2.6.0/assertj-core-2.6.0.jar:/Users/devashish/.m2/repository/org/mockito/mockito-core/1.10.19/mockito-core-1.10.19.jar:/Users/devashish/.m2/repository/org/objenesis/objenesis/2.1/objenesis-2.1.jar:/Users/devashish/.m2/repository/org/hamcrest/hamcrest-core/1.3/hamcrest-core-1.3.jar:/Users/devashish/.m2/repository/org/hamcrest/hamcrest-library/1.3/hamcrest-library-1.3.jar:/Users/devashish/.m2/repository/org/skyscreamer/jsonassert/1.4.0/jsonassert-1.4.0.jar:/Users/devashish/.m2/repository/com/vaadin/external/google/android-json/0.0.20131108.vaadin1/android-json-0.0.20131108.vaadin1.jar:/Users/devashish/.m2/repository/org/springframework/spring-core/4.3.13.RELEASE/spring-core-4.3.13.RELEASE.jar:/Users/devashish/.m2/repository/org/springframework/spring-test/4.3.13.RELEASE/spring-test-4.3.13.RELEASE.jar:, java.specification.name=Java Platform API Specification, java.class.version=52.0, sun.management.compiler=HotSpot 64-Bit Tiered Compilers, os.version=10.11.6, http.nonProxyHosts=local|*.local|169.254/16|*.169.254/16, user.home=/Users/devashish, user.timezone=Asia/Kolkata, java.awt.printerjob=sun.lwawt.macosx.CPrinterJob, file.encoding=UTF-8, java.specification.version=1.8, java.class.path=/Users/devashish/Documents/Github/Kommunicate/message-processor/gs-messaging-rabbitmq/complete/target/test-classes:/Users/devashish/Documents/Github/Kommunicate/message-processor/gs-messaging-rabbitmq/complete/target/classes:/Users/devashish/.m2/repository/org/springframework/boot/spring-boot-starter-amqp/1.5.9.RELEASE/spring-boot-starter-amqp-1.5.9.RELEASE.jar:/Users/devashish/.m2/repository/org/springframework/boot/spring-boot-starter/1.5.9.RELEASE/spring-boot-starter-1.5.9.RELEASE.jar:/Users/devashish/.m2/repository/org/springframework/boot/spring-boot/1.5.9.RELEASE/spring-boot-1.5.9.RELEASE.jar:/Users/devashish/.m2/repository/org/springframework/boot/spring-boot-autoconfigure/1.5.9.RELEASE/spring-boot-autoconfigure-1.5.9.RELEASE.jar:/Users/devashish/.m2/repository/org/springframework/boot/spring-boot-starter-logging/1.5.9.RELEASE/spring-boot-starter-logging-1.5.9.RELEASE.jar:/Users/devashish/.m2/repository/ch/qos/logback/logback-classic/1.1.11/logback-classic-1.1.11.jar:/Users/devashish/.m2/repository/ch/qos/logback/logback-core/1.1.11/logback-core-1.1.11.jar:/Users/devashish/.m2/repository/org/slf4j/jcl-over-slf4j/1.7.25/jcl-over-slf4j-1.7.25.jar:/Users/devashish/.m2/repository/org/slf4j/jul-to-slf4j/1.7.25/jul-to-slf4j-1.7.25.jar:/Users/devashish/.m2/repository/org/slf4j/log4j-over-slf4j/1.7.25/log4j-over-slf4j-1.7.25.jar:/Users/devashish/.m2/repository/org/yaml/snakeyaml/1.17/snakeyaml-1.17.jar:/Users/devashish/.m2/repository/org/springframework/spring-messaging/4.3.13.RELEASE/spring-messaging-4.3.13.RELEASE.jar:/Users/devashish/.m2/repository/org/springframework/spring-beans/4.3.13.RELEASE/spring-beans-4.3.13.RELEASE.jar:/Users/devashish/.m2/repository/org/springframework/spring-context/4.3.13.RELEASE/spring-context-4.3.13.RELEASE.jar:/Users/devashish/.m2/repository/org/springframework/spring-aop/4.3.13.RELEASE/spring-aop-4.3.13.RELEASE.jar:/Users/devashish/.m2/repository/org/springframework/spring-expression/4.3.13.RELEASE/spring-expression-4.3.13.RELEASE.jar:/Users/devashish/.m2/repository/org/springframework/amqp/spring-rabbit/1.7.4.RELEASE/spring-rabbit-1.7.4.RELEASE.jar:/Users/devashish/.m2/repository/org/springframework/spring-web/4.3.13.RELEASE/spring-web-4.3.13.RELEASE.jar:/Users/devashish/.m2/repository/com/rabbitmq/http-client/1.1.1.RELEASE/http-client-1.1.1.RELEASE.jar:/Users/devashish/.m2/repository/org/apache/httpcomponents/httpclient/4.5.3/httpclient-4.5.3.jar:/Users/devashish/.m2/repository/org/apache/httpcomponents/httpcore/4.4.8/httpcore-4.4.8.jar:/Users/devashish/.m2/repository/commons-codec/commons-codec/1.10/commons-codec-1.10.jar:/Users/devashish/.m2/repository/com/fasterxml/jackson/core/jackson-databind/2.8.10/jackson-databind-2.8.10.jar:/Users/devashish/.m2/repository/com/fasterxml/jackson/core/jackson-annotations/2.8.0/jackson-annotations-2.8.0.jar:/Users/devashish/.m2/repository/com/fasterxml/jackson/core/jackson-core/2.8.10/jackson-core-2.8.10.jar:/Users/devashish/.m2/repository/com/rabbitmq/amqp-client/4.0.3/amqp-client-4.0.3.jar:/Users/devashish/.m2/repository/org/springframework/retry/spring-retry/1.2.1.RELEASE/spring-retry-1.2.1.RELEASE.jar:/Users/devashish/.m2/repository/org/springframework/amqp/spring-amqp/1.7.4.RELEASE/spring-amqp-1.7.4.RELEASE.jar:/Users/devashish/.m2/repository/org/springframework/spring-tx/4.3.13.RELEASE/spring-tx-4.3.13.RELEASE.jar:/Users/devashish/.m2/repository/org/springframework/boot/spring-boot-starter-test/1.5.9.RELEASE/spring-boot-starter-test-1.5.9.RELEASE.jar:/Users/devashish/.m2/repository/org/springframework/boot/spring-boot-test/1.5.9.RELEASE/spring-boot-test-1.5.9.RELEASE.jar:/Users/devashish/.m2/repository/org/springframework/boot/spring-boot-test-autoconfigure/1.5.9.RELEASE/spring-boot-test-autoconfigure-1.5.9.RELEASE.jar:/Users/devashish/.m2/repository/com/jayway/jsonpath/json-path/2.2.0/json-path-2.2.0.jar:/Users/devashish/.m2/repository/net/minidev/json-smart/2.2.1/json-smart-2.2.1.jar:/Users/devashish/.m2/repository/net/minidev/accessors-smart/1.1/accessors-smart-1.1.jar:/Users/devashish/.m2/repository/org/ow2/asm/asm/5.0.3/asm-5.0.3.jar:/Users/devashish/.m2/repository/org/slf4j/slf4j-api/1.7.25/slf4j-api-1.7.25.jar:/Users/devashish/.m2/repository/junit/junit/4.12/junit-4.12.jar:/Users/devashish/.m2/repository/org/assertj/assertj-core/2.6.0/assertj-core-2.6.0.jar:/Users/devashish/.m2/repository/org/mockito/mockito-core/1.10.19/mockito-core-1.10.19.jar:/Users/devashish/.m2/repository/org/objenesis/objenesis/2.1/objenesis-2.1.jar:/Users/devashish/.m2/repository/org/hamcrest/hamcrest-core/1.3/hamcrest-core-1.3.jar:/Users/devashish/.m2/repository/org/hamcrest/hamcrest-library/1.3/hamcrest-library-1.3.jar:/Users/devashish/.m2/repository/org/skyscreamer/jsonassert/1.4.0/jsonassert-1.4.0.jar:/Users/devashish/.m2/repository/com/vaadin/external/google/android-json/0.0.20131108.vaadin1/android-json-0.0.20131108.vaadin1.jar:/Users/devashish/.m2/repository/org/springframework/spring-core/4.3.13.RELEASE/spring-core-4.3.13.RELEASE.jar:/Users/devashish/.m2/repository/org/springframework/spring-test/4.3.13.RELEASE/spring-test-4.3.13.RELEASE.jar:, user.name=devashish, java.vm.specification.version=1.8, sun.java.command=/Users/devashish/Documents/Github/Kommunicate/message-processor/gs-messaging-rabbitmq/complete/target/surefire/surefirebooter278085150048387076.jar /Users/devashish/Documents/Github/Kommunicate/message-processor/gs-messaging-rabbitmq/complete/target/surefire/surefire3792777998161311873tmp /Users/devashish/Documents/Github/Kommunicate/message-processor/gs-messaging-rabbitmq/complete/target/surefire/surefire_01702077736026090422tmp, java.home=/Library/Java/JavaVirtualMachines/jdk1.8.0_131.jdk/Contents/Home/jre, sun.arch.data.model=64, user.language=en, java.specification.vendor=Oracle Corporation, awt.toolkit=sun.lwawt.macosx.LWCToolkit, java.vm.info=mixed mode, java.version=1.8.0_131, java.ext.dirs=/Users/devashish/Library/Java/Extensions:/Library/Java/JavaVirtualMachines/jdk1.8.0_131.jdk/Contents/Home/jre/lib/ext:/Library/Java/Extensions:/Network/Library/Java/Extensions:/System/Library/Java/Extensions:/usr/lib/java, sun.boot.class.path=/Library/Java/JavaVirtualMachines/jdk1.8.0_131.jdk/Contents/Home/jre/lib/resources.jar:/Library/Java/JavaVirtualMachines/jdk1.8.0_131.jdk/Contents/Home/jre/lib/rt.jar:/Library/Java/JavaVirtualMachines/jdk1.8.0_131.jdk/Contents/Home/jre/lib/sunrsasign.jar:/Library/Java/JavaVirtualMachines/jdk1.8.0_131.jdk/Contents/Home/jre/lib/jsse.jar:/Library/Java/JavaVirtualMachines/jdk1.8.0_131.jdk/Contents/Home/jre/lib/jce.jar:/Library/Java/JavaVirtualMachines/jdk1.8.0_131.jdk/Contents/Home/jre/lib/charsets.jar:/Library/Java/JavaVirtualMachines/jdk1.8.0_131.jdk/Contents/Home/jre/lib/jfr.jar:/Library/Java/JavaVirtualMachines/jdk1.8.0_131.jdk/Contents/Home/jre/classes, java.vendor=Oracle Corporation, localRepository=/Users/devashish/.m2/repository, file.separator=/, java.vendor.url.bug=http://bugreport.sun.com/bugreport/, sun.io.unicode.encoding=UnicodeBig, sun.cpu.endian=little, socksNonProxyHosts=local|*.local|169.254/16|*.169.254/16, ftp.nonProxyHosts=local|*.local|169.254/16|*.169.254/16, sun.cpu.isalist=}}, SystemEnvironmentPropertySource@1226622409 {name='systemEnvironment', properties={PATH=/usr/bin:/bin:/usr/sbin:/sbin, J2D_PIXMAPS=shared, JAVA_MAIN_CLASS_20796=org.apache.maven.surefire.booter.ForkedBooter, JAVA_HOME=/Library/Java/JavaVirtualMachines/jdk1.8.0_131.jdk/Contents/Home, JAVA_MAIN_CLASS_20792=org.codehaus.plexus.classworlds.launcher.Launcher, NB_EXEC_MAVEN_PROCESS_UUID=25512a15-767c-44d8-a93a-f58315e31f11, LOGNAME=devashish, XPC_SERVICE_NAME=0, PWD=/Users/devashish/Documents/Github/Kommunicate/message-processor/gs-messaging-rabbitmq/complete, JAVA_MAIN_CLASS_19693=org.netbeans.Main, _=/Library/Java/JavaVirtualMachines/jdk1.8.0_131.jdk/Contents/Home/jre/bin/java, SHELL=/bin/bash, APP_NAME_19693=NetBeans, OLDPWD=/Users/devashish/Documents/Github/Kommunicate/message-processor/gs-messaging-rabbitmq/complete, APP_ICON_19693=/Applications/NetBeans/NetBeans 8.2.app/Contents/Resources/NetBeans/nb/netbeans.icns, USER=devashish, TMPDIR=/var/folders/6s/h13hm0911410p57m4qgnvpc00000gn/T/, SSH_AUTH_SOCK=/private/tmp/com.apple.launchd.zChC7qZfuk/Listeners, XPC_FLAGS=0x0, M2_HOME=/Applications/NetBeans/NetBeans 8.2.app/Contents/Resources/NetBeans/java/maven, __CF_USER_TEXT_ENCODING=0x1F5:0x0:0x0, Apple_PubSub_Socket_Render=/private/tmp/com.apple.launchd.b7F9F2AsEn/Render, LC_CTYPE=UTF-8, HOME=/Users/devashish, SHLVL=2}}]
11:55:30.016 [main] DEBUG org.springframework.core.io.support.PathMatchingResourcePatternResolver - Resolved classpath location [hello/] to resources [URL [file:/Users/devashish/Documents/Github/Kommunicate/message-processor/gs-messaging-rabbitmq/complete/target/test-classes/hello/], URL [file:/Users/devashish/Documents/Github/Kommunicate/message-processor/gs-messaging-rabbitmq/complete/target/classes/hello/]]
11:55:30.023 [main] DEBUG org.springframework.core.io.support.PathMatchingResourcePatternResolver - Looking for matching resources in directory tree [/Users/devashish/Documents/Github/Kommunicate/message-processor/gs-messaging-rabbitmq/complete/target/test-classes/hello]
11:55:30.026 [main] DEBUG org.springframework.core.io.support.PathMatchingResourcePatternResolver - Searching directory [/Users/devashish/Documents/Github/Kommunicate/message-processor/gs-messaging-rabbitmq/complete/target/test-classes/hello] for files matching pattern [/Users/devashish/Documents/Github/Kommunicate/message-processor/gs-messaging-rabbitmq/complete/target/test-classes/hello/*.class]
11:55:30.039 [main] DEBUG org.springframework.core.io.support.PathMatchingResourcePatternResolver - Looking for matching resources in directory tree [/Users/devashish/Documents/Github/Kommunicate/message-processor/gs-messaging-rabbitmq/complete/target/classes/hello]
11:55:30.043 [main] DEBUG org.springframework.core.io.support.PathMatchingResourcePatternResolver - Searching directory [/Users/devashish/Documents/Github/Kommunicate/message-processor/gs-messaging-rabbitmq/complete/target/classes/hello] for files matching pattern [/Users/devashish/Documents/Github/Kommunicate/message-processor/gs-messaging-rabbitmq/complete/target/classes/hello/*.class]
11:55:30.044 [main] DEBUG org.springframework.core.io.support.PathMatchingResourcePatternResolver - Resolved location pattern [classpath*:hello/*.class] to resources [file [/Users/devashish/Documents/Github/Kommunicate/message-processor/gs-messaging-rabbitmq/complete/target/test-classes/hello/ApplicationTest.class], file [/Users/devashish/Documents/Github/Kommunicate/message-processor/gs-messaging-rabbitmq/complete/target/classes/hello/Application.class], file [/Users/devashish/Documents/Github/Kommunicate/message-processor/gs-messaging-rabbitmq/complete/target/classes/hello/Receiver.class], file [/Users/devashish/Documents/Github/Kommunicate/message-processor/gs-messaging-rabbitmq/complete/target/classes/hello/Runner.class]]
11:55:30.519 [main] DEBUG org.springframework.context.annotation.ClassPathScanningCandidateComponentProvider - Identified candidate component class: file [/Users/devashish/Documents/Github/Kommunicate/message-processor/gs-messaging-rabbitmq/complete/target/classes/hello/Application.class]
11:55:30.521 [main] INFO org.springframework.boot.test.context.SpringBootTestContextBootstrapper - Found @SpringBootConfiguration hello.Application for test class hello.ApplicationTest
11:55:30.524 [main] DEBUG org.springframework.boot.test.context.SpringBootTestContextBootstrapper - @TestExecutionListeners is not present for class [hello.ApplicationTest]: using defaults.
11:55:30.531 [main] INFO org.springframework.boot.test.context.SpringBootTestContextBootstrapper - Loaded default TestExecutionListener class names from location [META-INF/spring.factories]: [org.springframework.boot.test.mock.mockito.MockitoTestExecutionListener, org.springframework.boot.test.mock.mockito.ResetMocksTestExecutionListener, org.springframework.boot.test.autoconfigure.restdocs.RestDocsTestExecutionListener, org.springframework.boot.test.autoconfigure.web.client.MockRestServiceServerResetTestExecutionListener, org.springframework.boot.test.autoconfigure.web.servlet.MockMvcPrintOnlyOnFailureTestExecutionListener, org.springframework.boot.test.autoconfigure.web.servlet.WebDriverTestExecutionListener, org.springframework.test.context.web.ServletTestExecutionListener, org.springframework.test.context.support.DirtiesContextBeforeModesTestExecutionListener, org.springframework.test.context.support.DependencyInjectionTestExecutionListener, org.springframework.test.context.support.DirtiesContextTestExecutionListener, org.springframework.test.context.transaction.TransactionalTestExecutionListener, org.springframework.test.context.jdbc.SqlScriptsTestExecutionListener]
11:55:30.579 [main] INFO org.springframework.boot.test.context.SpringBootTestContextBootstrapper - Could not instantiate TestExecutionListener [org.springframework.test.context.web.ServletTestExecutionListener]. Specify custom listener classes or make the default listener classes (and their required dependencies) available. Offending class: [javax/servlet/ServletContext]
11:55:30.606 [main] INFO org.springframework.boot.test.context.SpringBootTestContextBootstrapper - Using TestExecutionListeners: [org.springframework.test.context.support.DirtiesContextBeforeModesTestExecutionListener@7fe8ea47, org.springframework.boot.test.autoconfigure.SpringBootDependencyInjectionTestExecutionListener@226a82c4, org.springframework.test.context.support.DirtiesContextTestExecutionListener@731f8236, org.springframework.test.context.transaction.TransactionalTestExecutionListener@255b53dc, org.springframework.test.context.jdbc.SqlScriptsTestExecutionListener@1dd92fe2, org.springframework.boot.test.mock.mockito.MockitoTestExecutionListener@6b53e23f, org.springframework.boot.test.autoconfigure.restdocs.RestDocsTestExecutionListener@64d2d351, org.springframework.boot.test.mock.mockito.ResetMocksTestExecutionListener@1b68b9a4, org.springframework.boot.test.autoconfigure.web.client.MockRestServiceServerResetTestExecutionListener@4f9a3314, org.springframework.boot.test.autoconfigure.web.servlet.MockMvcPrintOnlyOnFailureTestExecutionListener@3b2c72c2, org.springframework.boot.test.autoconfigure.web.servlet.WebDriverTestExecutionListener@491666ad]
11:55:30.616 [main] DEBUG org.springframework.test.annotation.ProfileValueUtils - Retrieved @ProfileValueSourceConfiguration [null] for test class [hello.ApplicationTest]
11:55:30.617 [main] DEBUG org.springframework.test.annotation.ProfileValueUtils - Retrieved ProfileValueSource type [class org.springframework.test.annotation.SystemProfileValueSource] for class [hello.ApplicationTest]
11:55:30.624 [main] DEBUG org.springframework.test.context.junit4.SpringJUnit4ClassRunner - SpringJUnit4ClassRunner constructor called with [class hello.ApplicationTest]
11:55:30.625 [main] DEBUG org.springframework.test.context.BootstrapUtils - Instantiating CacheAwareContextLoaderDelegate from class [org.springframework.test.context.cache.DefaultCacheAwareContextLoaderDelegate]
11:55:30.626 [main] DEBUG org.springframework.test.context.BootstrapUtils - Instantiating BootstrapContext using constructor [public org.springframework.test.context.support.DefaultBootstrapContext(java.lang.Class,org.springframework.test.context.CacheAwareContextLoaderDelegate)]
11:55:30.629 [main] DEBUG org.springframework.test.context.BootstrapUtils - Instantiating TestContextBootstrapper for test class [hello.ApplicationTest] from class [org.springframework.boot.test.context.SpringBootTestContextBootstrapper]
11:55:30.631 [main] INFO org.springframework.boot.test.context.SpringBootTestContextBootstrapper - Neither @ContextConfiguration nor @ContextHierarchy found for test class [hello.ApplicationTest], using SpringBootContextLoader
11:55:30.633 [main] DEBUG org.springframework.test.context.support.AbstractContextLoader - Did not detect default resource location for test class [hello.ApplicationTest]: class path resource [hello/ApplicationTest-context.xml] does not exist
11:55:30.634 [main] DEBUG org.springframework.test.context.support.AbstractContextLoader - Did not detect default resource location for test class [hello.ApplicationTest]: class path resource [hello/ApplicationTestContext.groovy] does not exist
11:55:30.634 [main] INFO org.springframework.test.context.support.AbstractContextLoader - Could not detect default resource locations for test class [hello.ApplicationTest]: no resource found for suffixes {-context.xml, Context.groovy}.
11:55:30.636 [main] INFO org.springframework.test.context.support.AnnotationConfigContextLoaderUtils - Could not detect default configuration classes for test class [hello.ApplicationTest]: ApplicationTest does not declare any static, non-private, non-final, nested classes annotated with @Configuration.
11:55:30.645 [main] DEBUG org.springframework.test.context.support.ActiveProfilesUtils - Could not find an 'annotation declaring class' for annotation type [org.springframework.test.context.ActiveProfiles] and class [hello.ApplicationTest]
11:55:30.645 [main] DEBUG org.springframework.core.env.StandardEnvironment - Adding PropertySource 'systemProperties' with lowest search precedence
11:55:30.646 [main] DEBUG org.springframework.core.env.StandardEnvironment - Adding PropertySource 'systemEnvironment' with lowest search precedence
11:55:30.647 [main] DEBUG org.springframework.core.env.StandardEnvironment - Initialized StandardEnvironment with PropertySources [MapPropertySource@1074593562 {name='systemProperties', properties={java.runtime.name=Java(TM) SE Runtime Environment, sun.boot.library.path=/Library/Java/JavaVirtualMachines/jdk1.8.0_131.jdk/Contents/Home/jre/lib, java.vm.version=25.131-b11, user.country.format=IN, gopherProxySet=false, java.vm.vendor=Oracle Corporation, java.vendor.url=http://java.oracle.com/, path.separator=:, java.vm.name=Java HotSpot(TM) 64-Bit Server VM, file.encoding.pkg=sun.io, user.country=US, sun.java.launcher=SUN_STANDARD, sun.os.patch.level=unknown, java.vm.specification.name=Java Virtual Machine Specification, user.dir=/Users/devashish/Documents/Github/Kommunicate/message-processor/gs-messaging-rabbitmq/complete, java.runtime.version=1.8.0_131-b11, basedir=/Users/devashish/Documents/Github/Kommunicate/message-processor/gs-messaging-rabbitmq/complete, java.awt.graphicsenv=sun.awt.CGraphicsEnvironment, java.endorsed.dirs=/Library/Java/JavaVirtualMachines/jdk1.8.0_131.jdk/Contents/Home/jre/lib/endorsed, os.arch=x86_64, surefire.real.class.path=/Users/devashish/Documents/Github/Kommunicate/message-processor/gs-messaging-rabbitmq/complete/target/surefire/surefirebooter278085150048387076.jar, java.io.tmpdir=/var/folders/6s/h13hm0911410p57m4qgnvpc00000gn/T/, line.separator=
, java.vm.specification.vendor=Oracle Corporation, os.name=Mac OS X, maven.ext.class.path=/Applications/NetBeans/NetBeans 8.2.app/Contents/Resources/NetBeans/java/maven-nblib/netbeans-eventspy.jar, sun.jnu.encoding=UTF-8, java.library.path=/Users/devashish/Library/Java/Extensions:/Library/Java/Extensions:/Network/Library/Java/Extensions:/System/Library/Java/Extensions:/usr/lib/java:., surefire.test.class.path=/Users/devashish/Documents/Github/Kommunicate/message-processor/gs-messaging-rabbitmq/complete/target/test-classes:/Users/devashish/Documents/Github/Kommunicate/message-processor/gs-messaging-rabbitmq/complete/target/classes:/Users/devashish/.m2/repository/org/springframework/boot/spring-boot-starter-amqp/1.5.9.RELEASE/spring-boot-starter-amqp-1.5.9.RELEASE.jar:/Users/devashish/.m2/repository/org/springframework/boot/spring-boot-starter/1.5.9.RELEASE/spring-boot-starter-1.5.9.RELEASE.jar:/Users/devashish/.m2/repository/org/springframework/boot/spring-boot/1.5.9.RELEASE/spring-boot-1.5.9.RELEASE.jar:/Users/devashish/.m2/repository/org/springframework/boot/spring-boot-autoconfigure/1.5.9.RELEASE/spring-boot-autoconfigure-1.5.9.RELEASE.jar:/Users/devashish/.m2/repository/org/springframework/boot/spring-boot-starter-logging/1.5.9.RELEASE/spring-boot-starter-logging-1.5.9.RELEASE.jar:/Users/devashish/.m2/repository/ch/qos/logback/logback-classic/1.1.11/logback-classic-1.1.11.jar:/Users/devashish/.m2/repository/ch/qos/logback/logback-core/1.1.11/logback-core-1.1.11.jar:/Users/devashish/.m2/repository/org/slf4j/jcl-over-slf4j/1.7.25/jcl-over-slf4j-1.7.25.jar:/Users/devashish/.m2/repository/org/slf4j/jul-to-slf4j/1.7.25/jul-to-slf4j-1.7.25.jar:/Users/devashish/.m2/repository/org/slf4j/log4j-over-slf4j/1.7.25/log4j-over-slf4j-1.7.25.jar:/Users/devashish/.m2/repository/org/yaml/snakeyaml/1.17/snakeyaml-1.17.jar:/Users/devashish/.m2/repository/org/springframework/spring-messaging/4.3.13.RELEASE/spring-messaging-4.3.13.RELEASE.jar:/Users/devashish/.m2/repository/org/springframework/spring-beans/4.3.13.RELEASE/spring-beans-4.3.13.RELEASE.jar:/Users/devashish/.m2/repository/org/springframework/spring-context/4.3.13.RELEASE/spring-context-4.3.13.RELEASE.jar:/Users/devashish/.m2/repository/org/springframework/spring-aop/4.3.13.RELEASE/spring-aop-4.3.13.RELEASE.jar:/Users/devashish/.m2/repository/org/springframework/spring-expression/4.3.13.RELEASE/spring-expression-4.3.13.RELEASE.jar:/Users/devashish/.m2/repository/org/springframework/amqp/spring-rabbit/1.7.4.RELEASE/spring-rabbit-1.7.4.RELEASE.jar:/Users/devashish/.m2/repository/org/springframework/spring-web/4.3.13.RELEASE/spring-web-4.3.13.RELEASE.jar:/Users/devashish/.m2/repository/com/rabbitmq/http-client/1.1.1.RELEASE/http-client-1.1.1.RELEASE.jar:/Users/devashish/.m2/repository/org/apache/httpcomponents/httpclient/4.5.3/httpclient-4.5.3.jar:/Users/devashish/.m2/repository/org/apache/httpcomponents/httpcore/4.4.8/httpcore-4.4.8.jar:/Users/devashish/.m2/repository/commons-codec/commons-codec/1.10/commons-codec-1.10.jar:/Users/devashish/.m2/repository/com/fasterxml/jackson/core/jackson-databind/2.8.10/jackson-databind-2.8.10.jar:/Users/devashish/.m2/repository/com/fasterxml/jackson/core/jackson-annotations/2.8.0/jackson-annotations-2.8.0.jar:/Users/devashish/.m2/repository/com/fasterxml/jackson/core/jackson-core/2.8.10/jackson-core-2.8.10.jar:/Users/devashish/.m2/repository/com/rabbitmq/amqp-client/4.0.3/amqp-client-4.0.3.jar:/Users/devashish/.m2/repository/org/springframework/retry/spring-retry/1.2.1.RELEASE/spring-retry-1.2.1.RELEASE.jar:/Users/devashish/.m2/repository/org/springframework/amqp/spring-amqp/1.7.4.RELEASE/spring-amqp-1.7.4.RELEASE.jar:/Users/devashish/.m2/repository/org/springframework/spring-tx/4.3.13.RELEASE/spring-tx-4.3.13.RELEASE.jar:/Users/devashish/.m2/repository/org/springframework/boot/spring-boot-starter-test/1.5.9.RELEASE/spring-boot-starter-test-1.5.9.RELEASE.jar:/Users/devashish/.m2/repository/org/springframework/boot/spring-boot-test/1.5.9.RELEASE/spring-boot-test-1.5.9.RELEASE.jar:/Users/devashish/.m2/repository/org/springframework/boot/spring-boot-test-autoconfigure/1.5.9.RELEASE/spring-boot-test-autoconfigure-1.5.9.RELEASE.jar:/Users/devashish/.m2/repository/com/jayway/jsonpath/json-path/2.2.0/json-path-2.2.0.jar:/Users/devashish/.m2/repository/net/minidev/json-smart/2.2.1/json-smart-2.2.1.jar:/Users/devashish/.m2/repository/net/minidev/accessors-smart/1.1/accessors-smart-1.1.jar:/Users/devashish/.m2/repository/org/ow2/asm/asm/5.0.3/asm-5.0.3.jar:/Users/devashish/.m2/repository/org/slf4j/slf4j-api/1.7.25/slf4j-api-1.7.25.jar:/Users/devashish/.m2/repository/junit/junit/4.12/junit-4.12.jar:/Users/devashish/.m2/repository/org/assertj/assertj-core/2.6.0/assertj-core-2.6.0.jar:/Users/devashish/.m2/repository/org/mockito/mockito-core/1.10.19/mockito-core-1.10.19.jar:/Users/devashish/.m2/repository/org/objenesis/objenesis/2.1/objenesis-2.1.jar:/Users/devashish/.m2/repository/org/hamcrest/hamcrest-core/1.3/hamcrest-core-1.3.jar:/Users/devashish/.m2/repository/org/hamcrest/hamcrest-library/1.3/hamcrest-library-1.3.jar:/Users/devashish/.m2/repository/org/skyscreamer/jsonassert/1.4.0/jsonassert-1.4.0.jar:/Users/devashish/.m2/repository/com/vaadin/external/google/android-json/0.0.20131108.vaadin1/android-json-0.0.20131108.vaadin1.jar:/Users/devashish/.m2/repository/org/springframework/spring-core/4.3.13.RELEASE/spring-core-4.3.13.RELEASE.jar:/Users/devashish/.m2/repository/org/springframework/spring-test/4.3.13.RELEASE/spring-test-4.3.13.RELEASE.jar:, java.specification.name=Java Platform API Specification, java.class.version=52.0, sun.management.compiler=HotSpot 64-Bit Tiered Compilers, os.version=10.11.6, http.nonProxyHosts=local|*.local|169.254/16|*.169.254/16, user.home=/Users/devashish, user.timezone=Asia/Kolkata, java.awt.printerjob=sun.lwawt.macosx.CPrinterJob, file.encoding=UTF-8, java.specification.version=1.8, java.class.path=/Users/devashish/Documents/Github/Kommunicate/message-processor/gs-messaging-rabbitmq/complete/target/test-classes:/Users/devashish/Documents/Github/Kommunicate/message-processor/gs-messaging-rabbitmq/complete/target/classes:/Users/devashish/.m2/repository/org/springframework/boot/spring-boot-starter-amqp/1.5.9.RELEASE/spring-boot-starter-amqp-1.5.9.RELEASE.jar:/Users/devashish/.m2/repository/org/springframework/boot/spring-boot-starter/1.5.9.RELEASE/spring-boot-starter-1.5.9.RELEASE.jar:/Users/devashish/.m2/repository/org/springframework/boot/spring-boot/1.5.9.RELEASE/spring-boot-1.5.9.RELEASE.jar:/Users/devashish/.m2/repository/org/springframework/boot/spring-boot-autoconfigure/1.5.9.RELEASE/spring-boot-autoconfigure-1.5.9.RELEASE.jar:/Users/devashish/.m2/repository/org/springframework/boot/spring-boot-starter-logging/1.5.9.RELEASE/spring-boot-starter-logging-1.5.9.RELEASE.jar:/Users/devashish/.m2/repository/ch/qos/logback/logback-classic/1.1.11/logback-classic-1.1.11.jar:/Users/devashish/.m2/repository/ch/qos/logback/logback-core/1.1.11/logback-core-1.1.11.jar:/Users/devashish/.m2/repository/org/slf4j/jcl-over-slf4j/1.7.25/jcl-over-slf4j-1.7.25.jar:/Users/devashish/.m2/repository/org/slf4j/jul-to-slf4j/1.7.25/jul-to-slf4j-1.7.25.jar:/Users/devashish/.m2/repository/org/slf4j/log4j-over-slf4j/1.7.25/log4j-over-slf4j-1.7.25.jar:/Users/devashish/.m2/repository/org/yaml/snakeyaml/1.17/snakeyaml-1.17.jar:/Users/devashish/.m2/repository/org/springframework/spring-messaging/4.3.13.RELEASE/spring-messaging-4.3.13.RELEASE.jar:/Users/devashish/.m2/repository/org/springframework/spring-beans/4.3.13.RELEASE/spring-beans-4.3.13.RELEASE.jar:/Users/devashish/.m2/repository/org/springframework/spring-context/4.3.13.RELEASE/spring-context-4.3.13.RELEASE.jar:/Users/devashish/.m2/repository/org/springframework/spring-aop/4.3.13.RELEASE/spring-aop-4.3.13.RELEASE.jar:/Users/devashish/.m2/repository/org/springframework/spring-expression/4.3.13.RELEASE/spring-expression-4.3.13.RELEASE.jar:/Users/devashish/.m2/repository/org/springframework/amqp/spring-rabbit/1.7.4.RELEASE/spring-rabbit-1.7.4.RELEASE.jar:/Users/devashish/.m2/repository/org/springframework/spring-web/4.3.13.RELEASE/spring-web-4.3.13.RELEASE.jar:/Users/devashish/.m2/repository/com/rabbitmq/http-client/1.1.1.RELEASE/http-client-1.1.1.RELEASE.jar:/Users/devashish/.m2/repository/org/apache/httpcomponents/httpclient/4.5.3/httpclient-4.5.3.jar:/Users/devashish/.m2/repository/org/apache/httpcomponents/httpcore/4.4.8/httpcore-4.4.8.jar:/Users/devashish/.m2/repository/commons-codec/commons-codec/1.10/commons-codec-1.10.jar:/Users/devashish/.m2/repository/com/fasterxml/jackson/core/jackson-databind/2.8.10/jackson-databind-2.8.10.jar:/Users/devashish/.m2/repository/com/fasterxml/jackson/core/jackson-annotations/2.8.0/jackson-annotations-2.8.0.jar:/Users/devashish/.m2/repository/com/fasterxml/jackson/core/jackson-core/2.8.10/jackson-core-2.8.10.jar:/Users/devashish/.m2/repository/com/rabbitmq/amqp-client/4.0.3/amqp-client-4.0.3.jar:/Users/devashish/.m2/repository/org/springframework/retry/spring-retry/1.2.1.RELEASE/spring-retry-1.2.1.RELEASE.jar:/Users/devashish/.m2/repository/org/springframework/amqp/spring-amqp/1.7.4.RELEASE/spring-amqp-1.7.4.RELEASE.jar:/Users/devashish/.m2/repository/org/springframework/spring-tx/4.3.13.RELEASE/spring-tx-4.3.13.RELEASE.jar:/Users/devashish/.m2/repository/org/springframework/boot/spring-boot-starter-test/1.5.9.RELEASE/spring-boot-starter-test-1.5.9.RELEASE.jar:/Users/devashish/.m2/repository/org/springframework/boot/spring-boot-test/1.5.9.RELEASE/spring-boot-test-1.5.9.RELEASE.jar:/Users/devashish/.m2/repository/org/springframework/boot/spring-boot-test-autoconfigure/1.5.9.RELEASE/spring-boot-test-autoconfigure-1.5.9.RELEASE.jar:/Users/devashish/.m2/repository/com/jayway/jsonpath/json-path/2.2.0/json-path-2.2.0.jar:/Users/devashish/.m2/repository/net/minidev/json-smart/2.2.1/json-smart-2.2.1.jar:/Users/devashish/.m2/repository/net/minidev/accessors-smart/1.1/accessors-smart-1.1.jar:/Users/devashish/.m2/repository/org/ow2/asm/asm/5.0.3/asm-5.0.3.jar:/Users/devashish/.m2/repository/org/slf4j/slf4j-api/1.7.25/slf4j-api-1.7.25.jar:/Users/devashish/.m2/repository/junit/junit/4.12/junit-4.12.jar:/Users/devashish/.m2/repository/org/assertj/assertj-core/2.6.0/assertj-core-2.6.0.jar:/Users/devashish/.m2/repository/org/mockito/mockito-core/1.10.19/mockito-core-1.10.19.jar:/Users/devashish/.m2/repository/org/objenesis/objenesis/2.1/objenesis-2.1.jar:/Users/devashish/.m2/repository/org/hamcrest/hamcrest-core/1.3/hamcrest-core-1.3.jar:/Users/devashish/.m2/repository/org/hamcrest/hamcrest-library/1.3/hamcrest-library-1.3.jar:/Users/devashish/.m2/repository/org/skyscreamer/jsonassert/1.4.0/jsonassert-1.4.0.jar:/Users/devashish/.m2/repository/com/vaadin/external/google/android-json/0.0.20131108.vaadin1/android-json-0.0.20131108.vaadin1.jar:/Users/devashish/.m2/repository/org/springframework/spring-core/4.3.13.RELEASE/spring-core-4.3.13.RELEASE.jar:/Users/devashish/.m2/repository/org/springframework/spring-test/4.3.13.RELEASE/spring-test-4.3.13.RELEASE.jar:, user.name=devashish, java.vm.specification.version=1.8, sun.java.command=/Users/devashish/Documents/Github/Kommunicate/message-processor/gs-messaging-rabbitmq/complete/target/surefire/surefirebooter278085150048387076.jar /Users/devashish/Documents/Github/Kommunicate/message-processor/gs-messaging-rabbitmq/complete/target/surefire/surefire3792777998161311873tmp /Users/devashish/Documents/Github/Kommunicate/message-processor/gs-messaging-rabbitmq/complete/target/surefire/surefire_01702077736026090422tmp, java.home=/Library/Java/JavaVirtualMachines/jdk1.8.0_131.jdk/Contents/Home/jre, sun.arch.data.model=64, user.language=en, java.specification.vendor=Oracle Corporation, awt.toolkit=sun.lwawt.macosx.LWCToolkit, java.vm.info=mixed mode, java.version=1.8.0_131, java.ext.dirs=/Users/devashish/Library/Java/Extensions:/Library/Java/JavaVirtualMachines/jdk1.8.0_131.jdk/Contents/Home/jre/lib/ext:/Library/Java/Extensions:/Network/Library/Java/Extensions:/System/Library/Java/Extensions:/usr/lib/java, sun.boot.class.path=/Library/Java/JavaVirtualMachines/jdk1.8.0_131.jdk/Contents/Home/jre/lib/resources.jar:/Library/Java/JavaVirtualMachines/jdk1.8.0_131.jdk/Contents/Home/jre/lib/rt.jar:/Library/Java/JavaVirtualMachines/jdk1.8.0_131.jdk/Contents/Home/jre/lib/sunrsasign.jar:/Library/Java/JavaVirtualMachines/jdk1.8.0_131.jdk/Contents/Home/jre/lib/jsse.jar:/Library/Java/JavaVirtualMachines/jdk1.8.0_131.jdk/Contents/Home/jre/lib/jce.jar:/Library/Java/JavaVirtualMachines/jdk1.8.0_131.jdk/Contents/Home/jre/lib/charsets.jar:/Library/Java/JavaVirtualMachines/jdk1.8.0_131.jdk/Contents/Home/jre/lib/jfr.jar:/Library/Java/JavaVirtualMachines/jdk1.8.0_131.jdk/Contents/Home/jre/classes, java.vendor=Oracle Corporation, localRepository=/Users/devashish/.m2/repository, file.separator=/, java.vendor.url.bug=http://bugreport.sun.com/bugreport/, sun.io.unicode.encoding=UnicodeBig, sun.cpu.endian=little, socksNonProxyHosts=local|*.local|169.254/16|*.169.254/16, ftp.nonProxyHosts=local|*.local|169.254/16|*.169.254/16, sun.cpu.isalist=}}, SystemEnvironmentPropertySource@660017404 {name='systemEnvironment', properties={PATH=/usr/bin:/bin:/usr/sbin:/sbin, J2D_PIXMAPS=shared, JAVA_MAIN_CLASS_20796=org.apache.maven.surefire.booter.ForkedBooter, JAVA_HOME=/Library/Java/JavaVirtualMachines/jdk1.8.0_131.jdk/Contents/Home, JAVA_MAIN_CLASS_20792=org.codehaus.plexus.classworlds.launcher.Launcher, NB_EXEC_MAVEN_PROCESS_UUID=25512a15-767c-44d8-a93a-f58315e31f11, LOGNAME=devashish, XPC_SERVICE_NAME=0, PWD=/Users/devashish/Documents/Github/Kommunicate/message-processor/gs-messaging-rabbitmq/complete, JAVA_MAIN_CLASS_19693=org.netbeans.Main, _=/Library/Java/JavaVirtualMachines/jdk1.8.0_131.jdk/Contents/Home/jre/bin/java, SHELL=/bin/bash, APP_NAME_19693=NetBeans, OLDPWD=/Users/devashish/Documents/Github/Kommunicate/message-processor/gs-messaging-rabbitmq/complete, APP_ICON_19693=/Applications/NetBeans/NetBeans 8.2.app/Contents/Resources/NetBeans/nb/netbeans.icns, USER=devashish, TMPDIR=/var/folders/6s/h13hm0911410p57m4qgnvpc00000gn/T/, SSH_AUTH_SOCK=/private/tmp/com.apple.launchd.zChC7qZfuk/Listeners, XPC_FLAGS=0x0, M2_HOME=/Applications/NetBeans/NetBeans 8.2.app/Contents/Resources/NetBeans/java/maven, __CF_USER_TEXT_ENCODING=0x1F5:0x0:0x0, Apple_PubSub_Socket_Render=/private/tmp/com.apple.launchd.b7F9F2AsEn/Render, LC_CTYPE=UTF-8, HOME=/Users/devashish, SHLVL=2}}]
11:55:30.648 [main] INFO org.springframework.boot.test.context.SpringBootTestContextBootstrapper - Found @SpringBootConfiguration hello.Application for test class hello.ApplicationTest
11:55:30.668 [main] DEBUG org.springframework.boot.test.context.SpringBootTestContextBootstrapper - @TestExecutionListeners is not present for class [hello.ApplicationTest]: using defaults.
11:55:30.672 [main] INFO org.springframework.boot.test.context.SpringBootTestContextBootstrapper - Loaded default TestExecutionListener class names from location [META-INF/spring.factories]: [org.springframework.boot.test.mock.mockito.MockitoTestExecutionListener, org.springframework.boot.test.mock.mockito.ResetMocksTestExecutionListener, org.springframework.boot.test.autoconfigure.restdocs.RestDocsTestExecutionListener, org.springframework.boot.test.autoconfigure.web.client.MockRestServiceServerResetTestExecutionListener, org.springframework.boot.test.autoconfigure.web.servlet.MockMvcPrintOnlyOnFailureTestExecutionListener, org.springframework.boot.test.autoconfigure.web.servlet.WebDriverTestExecutionListener, org.springframework.test.context.web.ServletTestExecutionListener, org.springframework.test.context.support.DirtiesContextBeforeModesTestExecutionListener, org.springframework.test.context.support.DependencyInjectionTestExecutionListener, org.springframework.test.context.support.DirtiesContextTestExecutionListener, org.springframework.test.context.transaction.TransactionalTestExecutionListener, org.springframework.test.context.jdbc.SqlScriptsTestExecutionListener]
11:55:30.676 [main] INFO org.springframework.boot.test.context.SpringBootTestContextBootstrapper - Could not instantiate TestExecutionListener [org.springframework.test.context.web.ServletTestExecutionListener]. Specify custom listener classes or make the default listener classes (and their required dependencies) available. Offending class: [javax/servlet/ServletContext]
11:55:30.678 [main] INFO org.springframework.boot.test.context.SpringBootTestContextBootstrapper - Using TestExecutionListeners: [org.springframework.test.context.support.DirtiesContextBeforeModesTestExecutionListener@2c34f934, org.springframework.boot.test.autoconfigure.SpringBootDependencyInjectionTestExecutionListener@12d3a4e9, org.springframework.test.context.support.DirtiesContextTestExecutionListener@240237d2, org.springframework.test.context.transaction.TransactionalTestExecutionListener@25a65b77, org.springframework.test.context.jdbc.SqlScriptsTestExecutionListener@2ed0fbae, org.springframework.boot.test.mock.mockito.MockitoTestExecutionListener@212bf671, org.springframework.boot.test.autoconfigure.restdocs.RestDocsTestExecutionListener@14a2f921, org.springframework.boot.test.mock.mockito.ResetMocksTestExecutionListener@3c87521, org.springframework.boot.test.autoconfigure.web.client.MockRestServiceServerResetTestExecutionListener@2aece37d, org.springframework.boot.test.autoconfigure.web.servlet.MockMvcPrintOnlyOnFailureTestExecutionListener@548a102f, org.springframework.boot.test.autoconfigure.web.servlet.WebDriverTestExecutionListener@5762806e]
11:55:30.679 [main] DEBUG org.springframework.test.annotation.ProfileValueUtils - Retrieved @ProfileValueSourceConfiguration [null] for test class [hello.ApplicationTest]
11:55:30.680 [main] DEBUG org.springframework.test.annotation.ProfileValueUtils - Retrieved ProfileValueSource type [class org.springframework.test.annotation.SystemProfileValueSource] for class [hello.ApplicationTest]
11:55:30.686 [main] DEBUG org.springframework.test.annotation.ProfileValueUtils - Retrieved @ProfileValueSourceConfiguration [null] for test class [hello.ApplicationTest]
11:55:30.687 [main] DEBUG org.springframework.test.annotation.ProfileValueUtils - Retrieved ProfileValueSource type [class org.springframework.test.annotation.SystemProfileValueSource] for class [hello.ApplicationTest]
11:55:30.695 [main] DEBUG org.springframework.test.context.support.AbstractDirtiesContextTestExecutionListener - Before test class: context [DefaultTestContext@161b062a testClass = ApplicationTest, testInstance = [null], testMethod = [null], testException = [null], mergedContextConfiguration = [MergedContextConfiguration@17c1bced testClass = ApplicationTest, locations = '{}', classes = '{class hello.Application}', contextInitializerClasses = '[]', activeProfiles = '{}', propertySourceLocations = '{}', propertySourceProperties = '{org.springframework.boot.test.context.SpringBootTestContextBootstrapper=true}', contextCustomizers = set[org.springframework.boot.test.context.SpringBootTestContextCustomizer@6acdbdf5, org.springframework.boot.test.context.filter.ExcludeFilterContextCustomizer@4d41cee, org.springframework.boot.test.json.DuplicateJsonObjectContextCustomizerFactory$DuplicateJsonObjectContextCustomizer@33f88ab, org.springframework.boot.test.mock.mockito.MockitoContextCustomizer@d0048bc, org.springframework.boot.test.autoconfigure.properties.PropertyMappingContextCustomizer@0, org.springframework.boot.test.autoconfigure.web.servlet.WebDriverContextCustomizerFactory$Customizer@9a7504c], contextLoader = 'org.springframework.boot.test.context.SpringBootContextLoader', parent = [null]]], class annotated with @DirtiesContext [false] with mode [null].
11:55:30.696 [main] DEBUG org.springframework.test.annotation.ProfileValueUtils - Retrieved @ProfileValueSourceConfiguration [null] for test class [hello.ApplicationTest]
11:55:30.697 [main] DEBUG org.springframework.test.annotation.ProfileValueUtils - Retrieved ProfileValueSource type [class org.springframework.test.annotation.SystemProfileValueSource] for class [hello.ApplicationTest]
11:55:30.698 [main] DEBUG org.springframework.test.context.support.DependencyInjectionTestExecutionListener - Performing dependency injection for test context [[DefaultTestContext@161b062a testClass = ApplicationTest, testInstance = hello.ApplicationTest@48524010, testMethod = [null], testException = [null], mergedContextConfiguration = [MergedContextConfiguration@17c1bced testClass = ApplicationTest, locations = '{}', classes = '{class hello.Application}', contextInitializerClasses = '[]', activeProfiles = '{}', propertySourceLocations = '{}', propertySourceProperties = '{org.springframework.boot.test.context.SpringBootTestContextBootstrapper=true}', contextCustomizers = set[org.springframework.boot.test.context.SpringBootTestContextCustomizer@6acdbdf5, org.springframework.boot.test.context.filter.ExcludeFilterContextCustomizer@4d41cee, org.springframework.boot.test.json.DuplicateJsonObjectContextCustomizerFactory$DuplicateJsonObjectContextCustomizer@33f88ab, org.springframework.boot.test.mock.mockito.MockitoContextCustomizer@d0048bc, org.springframework.boot.test.autoconfigure.properties.PropertyMappingContextCustomizer@0, org.springframework.boot.test.autoconfigure.web.servlet.WebDriverContextCustomizerFactory$Customizer@9a7504c], contextLoader = 'org.springframework.boot.test.context.SpringBootContextLoader', parent = [null]]]].
11:55:30.890 [main] DEBUG org.springframework.core.env.StandardEnvironment - Adding PropertySource 'systemProperties' with lowest search precedence
11:55:30.890 [main] DEBUG org.springframework.core.env.StandardEnvironment - Adding PropertySource 'systemEnvironment' with lowest search precedence
11:55:30.891 [main] DEBUG org.springframework.core.env.StandardEnvironment - Initialized StandardEnvironment with PropertySources [MapPropertySource@2114684409 {name='systemProperties', properties={java.runtime.name=Java(TM) SE Runtime Environment, sun.boot.library.path=/Library/Java/JavaVirtualMachines/jdk1.8.0_131.jdk/Contents/Home/jre/lib, java.vm.version=25.131-b11, user.country.format=IN, gopherProxySet=false, java.vm.vendor=Oracle Corporation, java.vendor.url=http://java.oracle.com/, path.separator=:, java.vm.name=Java HotSpot(TM) 64-Bit Server VM, file.encoding.pkg=sun.io, user.country=US, sun.java.launcher=SUN_STANDARD, sun.os.patch.level=unknown, java.vm.specification.name=Java Virtual Machine Specification, user.dir=/Users/devashish/Documents/Github/Kommunicate/message-processor/gs-messaging-rabbitmq/complete, java.runtime.version=1.8.0_131-b11, basedir=/Users/devashish/Documents/Github/Kommunicate/message-processor/gs-messaging-rabbitmq/complete, java.awt.graphicsenv=sun.awt.CGraphicsEnvironment, java.endorsed.dirs=/Library/Java/JavaVirtualMachines/jdk1.8.0_131.jdk/Contents/Home/jre/lib/endorsed, os.arch=x86_64, surefire.real.class.path=/Users/devashish/Documents/Github/Kommunicate/message-processor/gs-messaging-rabbitmq/complete/target/surefire/surefirebooter278085150048387076.jar, java.io.tmpdir=/var/folders/6s/h13hm0911410p57m4qgnvpc00000gn/T/, line.separator=
, java.vm.specification.vendor=Oracle Corporation, os.name=Mac OS X, maven.ext.class.path=/Applications/NetBeans/NetBeans 8.2.app/Contents/Resources/NetBeans/java/maven-nblib/netbeans-eventspy.jar, sun.jnu.encoding=UTF-8, java.library.path=/Users/devashish/Library/Java/Extensions:/Library/Java/Extensions:/Network/Library/Java/Extensions:/System/Library/Java/Extensions:/usr/lib/java:., surefire.test.class.path=/Users/devashish/Documents/Github/Kommunicate/message-processor/gs-messaging-rabbitmq/complete/target/test-classes:/Users/devashish/Documents/Github/Kommunicate/message-processor/gs-messaging-rabbitmq/complete/target/classes:/Users/devashish/.m2/repository/org/springframework/boot/spring-boot-starter-amqp/1.5.9.RELEASE/spring-boot-starter-amqp-1.5.9.RELEASE.jar:/Users/devashish/.m2/repository/org/springframework/boot/spring-boot-starter/1.5.9.RELEASE/spring-boot-starter-1.5.9.RELEASE.jar:/Users/devashish/.m2/repository/org/springframework/boot/spring-boot/1.5.9.RELEASE/spring-boot-1.5.9.RELEASE.jar:/Users/devashish/.m2/repository/org/springframework/boot/spring-boot-autoconfigure/1.5.9.RELEASE/spring-boot-autoconfigure-1.5.9.RELEASE.jar:/Users/devashish/.m2/repository/org/springframework/boot/spring-boot-starter-logging/1.5.9.RELEASE/spring-boot-starter-logging-1.5.9.RELEASE.jar:/Users/devashish/.m2/repository/ch/qos/logback/logback-classic/1.1.11/logback-classic-1.1.11.jar:/Users/devashish/.m2/repository/ch/qos/logback/logback-core/1.1.11/logback-core-1.1.11.jar:/Users/devashish/.m2/repository/org/slf4j/jcl-over-slf4j/1.7.25/jcl-over-slf4j-1.7.25.jar:/Users/devashish/.m2/repository/org/slf4j/jul-to-slf4j/1.7.25/jul-to-slf4j-1.7.25.jar:/Users/devashish/.m2/repository/org/slf4j/log4j-over-slf4j/1.7.25/log4j-over-slf4j-1.7.25.jar:/Users/devashish/.m2/repository/org/yaml/snakeyaml/1.17/snakeyaml-1.17.jar:/Users/devashish/.m2/repository/org/springframework/spring-messaging/4.3.13.RELEASE/spring-messaging-4.3.13.RELEASE.jar:/Users/devashish/.m2/repository/org/springframework/spring-beans/4.3.13.RELEASE/spring-beans-4.3.13.RELEASE.jar:/Users/devashish/.m2/repository/org/springframework/spring-context/4.3.13.RELEASE/spring-context-4.3.13.RELEASE.jar:/Users/devashish/.m2/repository/org/springframework/spring-aop/4.3.13.RELEASE/spring-aop-4.3.13.RELEASE.jar:/Users/devashish/.m2/repository/org/springframework/spring-expression/4.3.13.RELEASE/spring-expression-4.3.13.RELEASE.jar:/Users/devashish/.m2/repository/org/springframework/amqp/spring-rabbit/1.7.4.RELEASE/spring-rabbit-1.7.4.RELEASE.jar:/Users/devashish/.m2/repository/org/springframework/spring-web/4.3.13.RELEASE/spring-web-4.3.13.RELEASE.jar:/Users/devashish/.m2/repository/com/rabbitmq/http-client/1.1.1.RELEASE/http-client-1.1.1.RELEASE.jar:/Users/devashish/.m2/repository/org/apache/httpcomponents/httpclient/4.5.3/httpclient-4.5.3.jar:/Users/devashish/.m2/repository/org/apache/httpcomponents/httpcore/4.4.8/httpcore-4.4.8.jar:/Users/devashish/.m2/repository/commons-codec/commons-codec/1.10/commons-codec-1.10.jar:/Users/devashish/.m2/repository/com/fasterxml/jackson/core/jackson-databind/2.8.10/jackson-databind-2.8.10.jar:/Users/devashish/.m2/repository/com/fasterxml/jackson/core/jackson-annotations/2.8.0/jackson-annotations-2.8.0.jar:/Users/devashish/.m2/repository/com/fasterxml/jackson/core/jackson-core/2.8.10/jackson-core-2.8.10.jar:/Users/devashish/.m2/repository/com/rabbitmq/amqp-client/4.0.3/amqp-client-4.0.3.jar:/Users/devashish/.m2/repository/org/springframework/retry/spring-retry/1.2.1.RELEASE/spring-retry-1.2.1.RELEASE.jar:/Users/devashish/.m2/repository/org/springframework/amqp/spring-amqp/1.7.4.RELEASE/spring-amqp-1.7.4.RELEASE.jar:/Users/devashish/.m2/repository/org/springframework/spring-tx/4.3.13.RELEASE/spring-tx-4.3.13.RELEASE.jar:/Users/devashish/.m2/repository/org/springframework/boot/spring-boot-starter-test/1.5.9.RELEASE/spring-boot-starter-test-1.5.9.RELEASE.jar:/Users/devashish/.m2/repository/org/springframework/boot/spring-boot-test/1.5.9.RELEASE/spring-boot-test-1.5.9.RELEASE.jar:/Users/devashish/.m2/repository/org/springframework/boot/spring-boot-test-autoconfigure/1.5.9.RELEASE/spring-boot-test-autoconfigure-1.5.9.RELEASE.jar:/Users/devashish/.m2/repository/com/jayway/jsonpath/json-path/2.2.0/json-path-2.2.0.jar:/Users/devashish/.m2/repository/net/minidev/json-smart/2.2.1/json-smart-2.2.1.jar:/Users/devashish/.m2/repository/net/minidev/accessors-smart/1.1/accessors-smart-1.1.jar:/Users/devashish/.m2/repository/org/ow2/asm/asm/5.0.3/asm-5.0.3.jar:/Users/devashish/.m2/repository/org/slf4j/slf4j-api/1.7.25/slf4j-api-1.7.25.jar:/Users/devashish/.m2/repository/junit/junit/4.12/junit-4.12.jar:/Users/devashish/.m2/repository/org/assertj/assertj-core/2.6.0/assertj-core-2.6.0.jar:/Users/devashish/.m2/repository/org/mockito/mockito-core/1.10.19/mockito-core-1.10.19.jar:/Users/devashish/.m2/repository/org/objenesis/objenesis/2.1/objenesis-2.1.jar:/Users/devashish/.m2/repository/org/hamcrest/hamcrest-core/1.3/hamcrest-core-1.3.jar:/Users/devashish/.m2/repository/org/hamcrest/hamcrest-library/1.3/hamcrest-library-1.3.jar:/Users/devashish/.m2/repository/org/skyscreamer/jsonassert/1.4.0/jsonassert-1.4.0.jar:/Users/devashish/.m2/repository/com/vaadin/external/google/android-json/0.0.20131108.vaadin1/android-json-0.0.20131108.vaadin1.jar:/Users/devashish/.m2/repository/org/springframework/spring-core/4.3.13.RELEASE/spring-core-4.3.13.RELEASE.jar:/Users/devashish/.m2/repository/org/springframework/spring-test/4.3.13.RELEASE/spring-test-4.3.13.RELEASE.jar:, java.specification.name=Java Platform API Specification, java.class.version=52.0, sun.management.compiler=HotSpot 64-Bit Tiered Compilers, os.version=10.11.6, http.nonProxyHosts=local|*.local|169.254/16|*.169.254/16, user.home=/Users/devashish, user.timezone=Asia/Kolkata, java.awt.printerjob=sun.lwawt.macosx.CPrinterJob, file.encoding=UTF-8, java.specification.version=1.8, java.class.path=/Users/devashish/Documents/Github/Kommunicate/message-processor/gs-messaging-rabbitmq/complete/target/test-classes:/Users/devashish/Documents/Github/Kommunicate/message-processor/gs-messaging-rabbitmq/complete/target/classes:/Users/devashish/.m2/repository/org/springframework/boot/spring-boot-starter-amqp/1.5.9.RELEASE/spring-boot-starter-amqp-1.5.9.RELEASE.jar:/Users/devashish/.m2/repository/org/springframework/boot/spring-boot-starter/1.5.9.RELEASE/spring-boot-starter-1.5.9.RELEASE.jar:/Users/devashish/.m2/repository/org/springframework/boot/spring-boot/1.5.9.RELEASE/spring-boot-1.5.9.RELEASE.jar:/Users/devashish/.m2/repository/org/springframework/boot/spring-boot-autoconfigure/1.5.9.RELEASE/spring-boot-autoconfigure-1.5.9.RELEASE.jar:/Users/devashish/.m2/repository/org/springframework/boot/spring-boot-starter-logging/1.5.9.RELEASE/spring-boot-starter-logging-1.5.9.RELEASE.jar:/Users/devashish/.m2/repository/ch/qos/logback/logback-classic/1.1.11/logback-classic-1.1.11.jar:/Users/devashish/.m2/repository/ch/qos/logback/logback-core/1.1.11/logback-core-1.1.11.jar:/Users/devashish/.m2/repository/org/slf4j/jcl-over-slf4j/1.7.25/jcl-over-slf4j-1.7.25.jar:/Users/devashish/.m2/repository/org/slf4j/jul-to-slf4j/1.7.25/jul-to-slf4j-1.7.25.jar:/Users/devashish/.m2/repository/org/slf4j/log4j-over-slf4j/1.7.25/log4j-over-slf4j-1.7.25.jar:/Users/devashish/.m2/repository/org/yaml/snakeyaml/1.17/snakeyaml-1.17.jar:/Users/devashish/.m2/repository/org/springframework/spring-messaging/4.3.13.RELEASE/spring-messaging-4.3.13.RELEASE.jar:/Users/devashish/.m2/repository/org/springframework/spring-beans/4.3.13.RELEASE/spring-beans-4.3.13.RELEASE.jar:/Users/devashish/.m2/repository/org/springframework/spring-context/4.3.13.RELEASE/spring-context-4.3.13.RELEASE.jar:/Users/devashish/.m2/repository/org/springframework/spring-aop/4.3.13.RELEASE/spring-aop-4.3.13.RELEASE.jar:/Users/devashish/.m2/repository/org/springframework/spring-expression/4.3.13.RELEASE/spring-expression-4.3.13.RELEASE.jar:/Users/devashish/.m2/repository/org/springframework/amqp/spring-rabbit/1.7.4.RELEASE/spring-rabbit-1.7.4.RELEASE.jar:/Users/devashish/.m2/repository/org/springframework/spring-web/4.3.13.RELEASE/spring-web-4.3.13.RELEASE.jar:/Users/devashish/.m2/repository/com/rabbitmq/http-client/1.1.1.RELEASE/http-client-1.1.1.RELEASE.jar:/Users/devashish/.m2/repository/org/apache/httpcomponents/httpclient/4.5.3/httpclient-4.5.3.jar:/Users/devashish/.m2/repository/org/apache/httpcomponents/httpcore/4.4.8/httpcore-4.4.8.jar:/Users/devashish/.m2/repository/commons-codec/commons-codec/1.10/commons-codec-1.10.jar:/Users/devashish/.m2/repository/com/fasterxml/jackson/core/jackson-databind/2.8.10/jackson-databind-2.8.10.jar:/Users/devashish/.m2/repository/com/fasterxml/jackson/core/jackson-annotations/2.8.0/jackson-annotations-2.8.0.jar:/Users/devashish/.m2/repository/com/fasterxml/jackson/core/jackson-core/2.8.10/jackson-core-2.8.10.jar:/Users/devashish/.m2/repository/com/rabbitmq/amqp-client/4.0.3/amqp-client-4.0.3.jar:/Users/devashish/.m2/repository/org/springframework/retry/spring-retry/1.2.1.RELEASE/spring-retry-1.2.1.RELEASE.jar:/Users/devashish/.m2/repository/org/springframework/amqp/spring-amqp/1.7.4.RELEASE/spring-amqp-1.7.4.RELEASE.jar:/Users/devashish/.m2/repository/org/springframework/spring-tx/4.3.13.RELEASE/spring-tx-4.3.13.RELEASE.jar:/Users/devashish/.m2/repository/org/springframework/boot/spring-boot-starter-test/1.5.9.RELEASE/spring-boot-starter-test-1.5.9.RELEASE.jar:/Users/devashish/.m2/repository/org/springframework/boot/spring-boot-test/1.5.9.RELEASE/spring-boot-test-1.5.9.RELEASE.jar:/Users/devashish/.m2/repository/org/springframework/boot/spring-boot-test-autoconfigure/1.5.9.RELEASE/spring-boot-test-autoconfigure-1.5.9.RELEASE.jar:/Users/devashish/.m2/repository/com/jayway/jsonpath/json-path/2.2.0/json-path-2.2.0.jar:/Users/devashish/.m2/repository/net/minidev/json-smart/2.2.1/json-smart-2.2.1.jar:/Users/devashish/.m2/repository/net/minidev/accessors-smart/1.1/accessors-smart-1.1.jar:/Users/devashish/.m2/repository/org/ow2/asm/asm/5.0.3/asm-5.0.3.jar:/Users/devashish/.m2/repository/org/slf4j/slf4j-api/1.7.25/slf4j-api-1.7.25.jar:/Users/devashish/.m2/repository/junit/junit/4.12/junit-4.12.jar:/Users/devashish/.m2/repository/org/assertj/assertj-core/2.6.0/assertj-core-2.6.0.jar:/Users/devashish/.m2/repository/org/mockito/mockito-core/1.10.19/mockito-core-1.10.19.jar:/Users/devashish/.m2/repository/org/objenesis/objenesis/2.1/objenesis-2.1.jar:/Users/devashish/.m2/repository/org/hamcrest/hamcrest-core/1.3/hamcrest-core-1.3.jar:/Users/devashish/.m2/repository/org/hamcrest/hamcrest-library/1.3/hamcrest-library-1.3.jar:/Users/devashish/.m2/repository/org/skyscreamer/jsonassert/1.4.0/jsonassert-1.4.0.jar:/Users/devashish/.m2/repository/com/vaadin/external/google/android-json/0.0.20131108.vaadin1/android-json-0.0.20131108.vaadin1.jar:/Users/devashish/.m2/repository/org/springframework/spring-core/4.3.13.RELEASE/spring-core-4.3.13.RELEASE.jar:/Users/devashish/.m2/repository/org/springframework/spring-test/4.3.13.RELEASE/spring-test-4.3.13.RELEASE.jar:, user.name=devashish, java.vm.specification.version=1.8, sun.java.command=/Users/devashish/Documents/Github/Kommunicate/message-processor/gs-messaging-rabbitmq/complete/target/surefire/surefirebooter278085150048387076.jar /Users/devashish/Documents/Github/Kommunicate/message-processor/gs-messaging-rabbitmq/complete/target/surefire/surefire3792777998161311873tmp /Users/devashish/Documents/Github/Kommunicate/message-processor/gs-messaging-rabbitmq/complete/target/surefire/surefire_01702077736026090422tmp, java.home=/Library/Java/JavaVirtualMachines/jdk1.8.0_131.jdk/Contents/Home/jre, sun.arch.data.model=64, user.language=en, java.specification.vendor=Oracle Corporation, awt.toolkit=sun.lwawt.macosx.LWCToolkit, java.vm.info=mixed mode, java.version=1.8.0_131, java.ext.dirs=/Users/devashish/Library/Java/Extensions:/Library/Java/JavaVirtualMachines/jdk1.8.0_131.jdk/Contents/Home/jre/lib/ext:/Library/Java/Extensions:/Network/Library/Java/Extensions:/System/Library/Java/Extensions:/usr/lib/java, sun.boot.class.path=/Library/Java/JavaVirtualMachines/jdk1.8.0_131.jdk/Contents/Home/jre/lib/resources.jar:/Library/Java/JavaVirtualMachines/jdk1.8.0_131.jdk/Contents/Home/jre/lib/rt.jar:/Library/Java/JavaVirtualMachines/jdk1.8.0_131.jdk/Contents/Home/jre/lib/sunrsasign.jar:/Library/Java/JavaVirtualMachines/jdk1.8.0_131.jdk/Contents/Home/jre/lib/jsse.jar:/Library/Java/JavaVirtualMachines/jdk1.8.0_131.jdk/Contents/Home/jre/lib/jce.jar:/Library/Java/JavaVirtualMachines/jdk1.8.0_131.jdk/Contents/Home/jre/lib/charsets.jar:/Library/Java/JavaVirtualMachines/jdk1.8.0_131.jdk/Contents/Home/jre/lib/jfr.jar:/Library/Java/JavaVirtualMachines/jdk1.8.0_131.jdk/Contents/Home/jre/classes, java.vendor=Oracle Corporation, localRepository=/Users/devashish/.m2/repository, file.separator=/, java.vendor.url.bug=http://bugreport.sun.com/bugreport/, sun.io.unicode.encoding=UnicodeBig, sun.cpu.endian=little, socksNonProxyHosts=local|*.local|169.254/16|*.169.254/16, ftp.nonProxyHosts=local|*.local|169.254/16|*.169.254/16, sun.cpu.isalist=}}, SystemEnvironmentPropertySource@1664439369 {name='systemEnvironment', properties={PATH=/usr/bin:/bin:/usr/sbin:/sbin, J2D_PIXMAPS=shared, JAVA_MAIN_CLASS_20796=org.apache.maven.surefire.booter.ForkedBooter, JAVA_HOME=/Library/Java/JavaVirtualMachines/jdk1.8.0_131.jdk/Contents/Home, JAVA_MAIN_CLASS_20792=org.codehaus.plexus.classworlds.launcher.Launcher, NB_EXEC_MAVEN_PROCESS_UUID=25512a15-767c-44d8-a93a-f58315e31f11, LOGNAME=devashish, XPC_SERVICE_NAME=0, PWD=/Users/devashish/Documents/Github/Kommunicate/message-processor/gs-messaging-rabbitmq/complete, JAVA_MAIN_CLASS_19693=org.netbeans.Main, _=/Library/Java/JavaVirtualMachines/jdk1.8.0_131.jdk/Contents/Home/jre/bin/java, SHELL=/bin/bash, APP_NAME_19693=NetBeans, OLDPWD=/Users/devashish/Documents/Github/Kommunicate/message-processor/gs-messaging-rabbitmq/complete, APP_ICON_19693=/Applications/NetBeans/NetBeans 8.2.app/Contents/Resources/NetBeans/nb/netbeans.icns, USER=devashish, TMPDIR=/var/folders/6s/h13hm0911410p57m4qgnvpc00000gn/T/, SSH_AUTH_SOCK=/private/tmp/com.apple.launchd.zChC7qZfuk/Listeners, XPC_FLAGS=0x0, M2_HOME=/Applications/NetBeans/NetBeans 8.2.app/Contents/Resources/NetBeans/java/maven, __CF_USER_TEXT_ENCODING=0x1F5:0x0:0x0, Apple_PubSub_Socket_Render=/private/tmp/com.apple.launchd.b7F9F2AsEn/Render, LC_CTYPE=UTF-8, HOME=/Users/devashish, SHLVL=2}}]
11:55:30.893 [main] DEBUG org.springframework.core.env.MutablePropertySources - Adding PropertySource 'inline' with highest search precedence
11:55:30.916 [main] DEBUG org.springframework.test.context.support.TestPropertySourceUtils - Adding inlined properties to environment: {spring.jmx.enabled=false, org.springframework.boot.test.context.SpringBootTestContextBootstrapper=true, server.port=-1}
11:55:30.916 [main] DEBUG org.springframework.core.env.StandardEnvironment - Adding PropertySource 'Inlined Test Properties' with highest search precedence

  .   ____          _            __ _ _
 /\\ / ___'_ __ _ _(_)_ __  __ _ \ \ \ \
( ( )\___ | '_ | '_| | '_ \/ _` | \ \ \ \
 \\/  ___)| |_)| | | | | || (_| |  ) ) ) )
  '  |____| .__|_| |_|_| |_\__, | / / / /
 =========|_|==============|___/=/_/_/_/
 :: Spring Boot ::        (v1.5.9.RELEASE)

2018-01-19 11:55:32.222  INFO 20796 --- [           main] hello.ApplicationTest                    : Starting ApplicationTest on Devashishs-MacBook-Air.local with PID 20796 (started by devashish in /Users/devashish/Documents/Github/Kommunicate/message-processor/gs-messaging-rabbitmq/complete)
2018-01-19 11:55:32.224  INFO 20796 --- [           main] hello.ApplicationTest                    : No active profile set, falling back to default profiles: default
2018-01-19 11:55:32.300  INFO 20796 --- [           main] s.c.a.AnnotationConfigApplicationContext : Refreshing org.springframework.context.annotation.AnnotationConfigApplicationContext@b62d79: startup date [Fri Jan 19 11:55:32 IST 2018]; root of context hierarchy
2018-01-19 11:55:34.072  INFO 20796 --- [           main] trationDelegate$BeanPostProcessorChecker : Bean 'org.springframework.amqp.rabbit.annotation.RabbitBootstrapConfiguration' of type [org.springframework.amqp.rabbit.annotation.RabbitBootstrapConfiguration$$EnhancerBySpringCGLIB$$cd82dcf1] is not eligible for getting processed by all BeanPostProcessors (for example: not eligible for auto-proxying)
2018-01-19 11:55:35.350  INFO 20796 --- [           main] o.s.c.support.DefaultLifecycleProcessor  : Starting beans in phase 2147483647
2018-01-19 11:55:35.421 ERROR 20796 --- [    container-1] o.s.a.r.l.SimpleMessageListenerContainer : Failed to check/redeclare auto-delete queue(s).

org.springframework.amqp.AmqpConnectException: java.net.ConnectException: Connection refused (Connection refused)
	at org.springframework.amqp.rabbit.support.RabbitExceptionTranslator.convertRabbitAccessException(RabbitExceptionTranslator.java:62) ~[spring-rabbit-1.7.4.RELEASE.jar:na]
	at org.springframework.amqp.rabbit.connection.AbstractConnectionFactory.createBareConnection(AbstractConnectionFactory.java:368) ~[spring-rabbit-1.7.4.RELEASE.jar:na]
	at org.springframework.amqp.rabbit.connection.CachingConnectionFactory.createConnection(CachingConnectionFactory.java:573) ~[spring-rabbit-1.7.4.RELEASE.jar:na]
	at org.springframework.amqp.rabbit.core.RabbitTemplate.doExecute(RabbitTemplate.java:1430) ~[spring-rabbit-1.7.4.RELEASE.jar:na]
	at org.springframework.amqp.rabbit.core.RabbitTemplate.execute(RabbitTemplate.java:1411) ~[spring-rabbit-1.7.4.RELEASE.jar:na]
	at org.springframework.amqp.rabbit.core.RabbitTemplate.execute(RabbitTemplate.java:1387) ~[spring-rabbit-1.7.4.RELEASE.jar:na]
	at org.springframework.amqp.rabbit.core.RabbitAdmin.getQueueProperties(RabbitAdmin.java:336) ~[spring-rabbit-1.7.4.RELEASE.jar:na]
	at org.springframework.amqp.rabbit.listener.SimpleMessageListenerContainer.redeclareElementsIfNecessary(SimpleMessageListenerContainer.java:1171) ~[spring-rabbit-1.7.4.RELEASE.jar:na]
	at org.springframework.amqp.rabbit.listener.SimpleMessageListenerContainer$AsyncMessageProcessingConsumer.run(SimpleMessageListenerContainer.java:1422) [spring-rabbit-1.7.4.RELEASE.jar:na]
	at java.lang.Thread.run(Thread.java:748) [na:1.8.0_131]
Caused by: java.net.ConnectException: Connection refused (Connection refused)
	at java.net.PlainSocketImpl.socketConnect(Native Method) ~[na:1.8.0_131]
	at java.net.AbstractPlainSocketImpl.doConnect(AbstractPlainSocketImpl.java:350) ~[na:1.8.0_131]
	at java.net.AbstractPlainSocketImpl.connectToAddress(AbstractPlainSocketImpl.java:206) ~[na:1.8.0_131]
	at java.net.AbstractPlainSocketImpl.connect(AbstractPlainSocketImpl.java:188) ~[na:1.8.0_131]
	at java.net.SocksSocketImpl.connect(SocksSocketImpl.java:392) ~[na:1.8.0_131]
	at java.net.Socket.connect(Socket.java:589) ~[na:1.8.0_131]
	at com.rabbitmq.client.impl.SocketFrameHandlerFactory.create(SocketFrameHandlerFactory.java:50) ~[amqp-client-4.0.3.jar:4.0.3]
	at com.rabbitmq.client.ConnectionFactory.newConnection(ConnectionFactory.java:907) ~[amqp-client-4.0.3.jar:4.0.3]
	at com.rabbitmq.client.ConnectionFactory.newConnection(ConnectionFactory.java:859) ~[amqp-client-4.0.3.jar:4.0.3]
	at com.rabbitmq.client.ConnectionFactory.newConnection(ConnectionFactory.java:799) ~[amqp-client-4.0.3.jar:4.0.3]
	at org.springframework.amqp.rabbit.connection.AbstractConnectionFactory.createBareConnection(AbstractConnectionFactory.java:352) ~[spring-rabbit-1.7.4.RELEASE.jar:na]
	... 8 common frames omitted

2018-01-19 11:55:35.496  INFO 20796 --- [           main] hello.ApplicationTest                    : Started ApplicationTest in 4.575 seconds (JVM running for 7.086)
]]></system-out>
  </testcase>
</testsuite>